[3.339s] DEBUG:colcon:Command line arguments: ['/usr/bin/colcon', 'build']
[3.340s] DEBUG:colcon:Parsed command line arguments: Namespace(log_base=None, log_level=None, verb_name='build', build_base='build', install_base='install', merge_install=False, symlink_install=False, test_result_base=None, continue_on_error=False, executor='parallel', parallel_workers=2, event_handlers=None, ignore_user_meta=False, metas=['./colcon.meta'], base_paths=['.'], packages_ignore=None, packages_ignore_regex=None, paths=None, packages_up_to=None, packages_up_to_regex=None, packages_above=None, packages_above_and_dependencies=None, packages_above_depth=None, packages_select_by_dep=None, packages_skip_by_dep=None, packages_skip_up_to=None, packages_select_build_failed=False, packages_skip_build_finished=False, packages_select_test_failures=False, packages_skip_test_passed=False, packages_select=None, packages_skip=None, packages_select_regex=None, packages_skip_regex=None, packages_start=None, packages_end=None, allow_overriding=[], cmake_args=None, cmake_target=None, cmake_target_skip_unavailable=False, cmake_clean_cache=False, cmake_clean_first=False, cmake_force_configure=False, ament_cmake_args=None, catkin_cmake_args=None, catkin_skip_building_tests=False, verb_parser=<colcon_defaults.argument_parser.defaults.DefaultArgumentsDecorator object at 0x7f895fb91de0>, verb_extension=<colcon_core.verb.build.BuildVerb object at 0x7f895fb90190>, main=<bound method BuildVerb.main of <colcon_core.verb.build.BuildVerb object at 0x7f895fb90190>>)
[3.523s] Level 1:colcon.colcon_core.package_discovery:discover_packages(colcon_meta) check parameters
[3.524s] Level 1:colcon.colcon_core.package_discovery:discover_packages(recursive) check parameters
[3.524s] Level 1:colcon.colcon_core.package_discovery:discover_packages(ignore) check parameters
[3.524s] Level 1:colcon.colcon_core.package_discovery:discover_packages(path) check parameters
[3.524s] Level 1:colcon.colcon_core.package_discovery:discover_packages(colcon_meta) discover
[3.524s] Level 1:colcon.colcon_core.package_discovery:discover_packages(recursive) discover
[3.525s] INFO:colcon.colcon_core.package_discovery:Crawling recursively for packages in '/home/sai/ros2_ws'
[3.525s] Level 1:colcon.colcon_core.package_identification:_identify(.) by extensions ['ignore', 'ignore_ament_install']
[3.525s] Level 1:colcon.colcon_core.package_identification:_identify(.) by extension 'ignore'
[3.525s] Level 1:colcon.colcon_core.package_identification:_identify(.) by extension 'ignore_ament_install'
[3.526s] Level 1:colcon.colcon_core.package_identification:_identify(.) by extensions ['colcon_pkg']
[3.526s] Level 1:colcon.colcon_core.package_identification:_identify(.) by extension 'colcon_pkg'
[3.526s] Level 1:colcon.colcon_core.package_identification:_identify(.) by extensions ['colcon_meta']
[3.526s] Level 1:colcon.colcon_core.package_identification:_identify(.) by extension 'colcon_meta'
[3.526s] Level 1:colcon.colcon_core.package_identification:_identify(.) by extensions ['ros']
[3.526s] Level 1:colcon.colcon_core.package_identification:_identify(.) by extension 'ros'
[3.566s] Level 1:colcon.colcon_core.package_identification:_identify(.) by extensions ['cmake', 'python']
[3.566s] Level 1:colcon.colcon_core.package_identification:_identify(.) by extension 'cmake'
[3.566s] Level 1:colcon.colcon_core.package_identification:_identify(.) by extension 'python'
[3.567s] Level 1:colcon.colcon_core.package_identification:_identify(.) by extensions ['python_setup_py']
[3.567s] Level 1:colcon.colcon_core.package_identification:_identify(.) by extension 'python_setup_py'
[3.567s] Level 1:colcon.colcon_core.package_identification:_identify(build) by extensions ['ignore', 'ignore_ament_install']
[3.567s] Level 1:colcon.colcon_core.package_identification:_identify(build) by extension 'ignore'
[3.567s] Level 1:colcon.colcon_core.package_identification:_identify(build) ignored
[3.568s] Level 1:colcon.colcon_core.package_identification:_identify(install) by extensions ['ignore', 'ignore_ament_install']
[3.568s] Level 1:colcon.colcon_core.package_identification:_identify(install) by extension 'ignore'
[3.568s] Level 1:colcon.colcon_core.package_identification:_identify(install) ignored
[3.568s] Level 1:colcon.colcon_core.package_identification:_identify(log) by extensions ['ignore', 'ignore_ament_install']
[3.569s] Level 1:colcon.colcon_core.package_identification:_identify(log) by extension 'ignore'
[3.569s] Level 1:colcon.colcon_core.package_identification:_identify(log) ignored
[3.570s] Level 1:colcon.colcon_core.package_identification:_identify(src) by extensions ['ignore', 'ignore_ament_install']
[3.571s] Level 1:colcon.colcon_core.package_identification:_identify(src) by extension 'ignore'
[3.571s] Level 1:colcon.colcon_core.package_identification:_identify(src) by extension 'ignore_ament_install'
[3.571s] Level 1:colcon.colcon_core.package_identification:_identify(src) by extensions ['colcon_pkg']
[3.572s] Level 1:colcon.colcon_core.package_identification:_identify(src) by extension 'colcon_pkg'
[3.572s] Level 1:colcon.colcon_core.package_identification:_identify(src) by extensions ['colcon_meta']
[3.572s] Level 1:colcon.colcon_core.package_identification:_identify(src) by extension 'colcon_meta'
[3.573s] Level 1:colcon.colcon_core.package_identification:_identify(src) by extensions ['ros']
[3.573s] Level 1:colcon.colcon_core.package_identification:_identify(src) by extension 'ros'
[3.574s] Level 1:colcon.colcon_core.package_identification:_identify(src) by extensions ['cmake', 'python']
[3.574s] Level 1:colcon.colcon_core.package_identification:_identify(src) by extension 'cmake'
[3.574s] Level 1:colcon.colcon_core.package_identification:_identify(src) by extension 'python'
[3.574s] Level 1:colcon.colcon_core.package_identification:_identify(src) by extensions ['python_setup_py']
[3.574s] Level 1:colcon.colcon_core.package_identification:_identify(src) by extension 'python_setup_py'
[3.575s] Level 1:colcon.colcon_core.package_identification:_identify(src/build) by extensions ['ignore', 'ignore_ament_install']
[3.575s] Level 1:colcon.colcon_core.package_identification:_identify(src/build) by extension 'ignore'
[3.575s] Level 1:colcon.colcon_core.package_identification:_identify(src/build) ignored
[3.576s] Level 1:colcon.colcon_core.package_identification:_identify(src/install) by extensions ['ignore', 'ignore_ament_install']
[3.576s] Level 1:colcon.colcon_core.package_identification:_identify(src/install) by extension 'ignore'
[3.576s] Level 1:colcon.colcon_core.package_identification:_identify(src/install) ignored
[3.576s] Level 1:colcon.colcon_core.package_identification:_identify(src/log) by extensions ['ignore', 'ignore_ament_install']
[3.577s] Level 1:colcon.colcon_core.package_identification:_identify(src/log) by extension 'ignore'
[3.577s] Level 1:colcon.colcon_core.package_identification:_identify(src/log) ignored
[3.577s] Level 1:colcon.colcon_core.package_identification:_identify(src/py_pubsub) by extensions ['ignore', 'ignore_ament_install']
[3.577s] Level 1:colcon.colcon_core.package_identification:_identify(src/py_pubsub) by extension 'ignore'
[3.577s] Level 1:colcon.colcon_core.package_identification:_identify(src/py_pubsub) by extension 'ignore_ament_install'
[3.578s] Level 1:colcon.colcon_core.package_identification:_identify(src/py_pubsub) by extensions ['colcon_pkg']
[3.578s] Level 1:colcon.colcon_core.package_identification:_identify(src/py_pubsub) by extension 'colcon_pkg'
[3.578s] Level 1:colcon.colcon_core.package_identification:_identify(src/py_pubsub) by extensions ['colcon_meta']
[3.578s] Level 1:colcon.colcon_core.package_identification:_identify(src/py_pubsub) by extension 'colcon_meta'
[3.579s] Level 1:colcon.colcon_core.package_identification:_identify(src/py_pubsub) by extensions ['ros']
[3.579s] Level 1:colcon.colcon_core.package_identification:_identify(src/py_pubsub) by extension 'ros'
[3.588s] DEBUG:colcon.colcon_core.package_identification:Package 'src/py_pubsub' with type 'ros.ament_python' and name 'py_pubsub'
[3.588s] Level 1:colcon.colcon_core.package_discovery:discover_packages(recursive) using defaults
[3.589s] Level 1:colcon.colcon_core.package_discovery:discover_packages(ignore) discover
[3.589s] Level 1:colcon.colcon_core.package_discovery:discover_packages(ignore) using defaults
[3.589s] Level 1:colcon.colcon_core.package_discovery:discover_packages(path) discover
[3.589s] Level 1:colcon.colcon_core.package_discovery:discover_packages(path) using defaults
[3.893s] Level 1:colcon.colcon_core.package_discovery:discover_packages(prefix_path) check parameters
[3.893s] Level 1:colcon.colcon_core.package_discovery:discover_packages(prefix_path) discover
[4.000s] DEBUG:colcon.colcon_installed_package_information.package_discovery:Found 1 installed packages in /home/sai/ros2_ws/install
[4.057s] DEBUG:colcon.colcon_installed_package_information.package_discovery:Found 270 installed packages in /opt/ros/humble
[4.061s] Level 1:colcon.colcon_core.package_discovery:discover_packages(prefix_path) using defaults
[4.389s] Level 5:colcon.colcon_core.verb:set package 'py_pubsub' build argument 'cmake_args' from command line to 'None'
[4.389s] Level 5:colcon.colcon_core.verb:set package 'py_pubsub' build argument 'cmake_target' from command line to 'None'
[4.389s] Level 5:colcon.colcon_core.verb:set package 'py_pubsub' build argument 'cmake_target_skip_unavailable' from command line to 'False'
[4.389s] Level 5:colcon.colcon_core.verb:set package 'py_pubsub' build argument 'cmake_clean_cache' from command line to 'False'
[4.389s] Level 5:colcon.colcon_core.verb:set package 'py_pubsub' build argument 'cmake_clean_first' from command line to 'False'
[4.390s] Level 5:colcon.colcon_core.verb:set package 'py_pubsub' build argument 'cmake_force_configure' from command line to 'False'
[4.390s] Level 5:colcon.colcon_core.verb:set package 'py_pubsub' build argument 'ament_cmake_args' from command line to 'None'
[4.390s] Level 5:colcon.colcon_core.verb:set package 'py_pubsub' build argument 'catkin_cmake_args' from command line to 'None'
[4.390s] Level 5:colcon.colcon_core.verb:set package 'py_pubsub' build argument 'catkin_skip_building_tests' from command line to 'False'
[4.390s] DEBUG:colcon.colcon_core.verb:Building package 'py_pubsub' with the following arguments: {'ament_cmake_args': None, 'build_base': '/home/sai/ros2_ws/build/py_pubsub', 'catkin_cmake_args': None, 'catkin_skip_building_tests': False, 'cmake_args': None, 'cmake_clean_cache': False, 'cmake_clean_first': False, 'cmake_force_configure': False, 'cmake_target': None, 'cmake_target_skip_unavailable': False, 'install_base': '/home/sai/ros2_ws/install/py_pubsub', 'merge_install': False, 'path': '/home/sai/ros2_ws/src/py_pubsub', 'symlink_install': False, 'test_result_base': None}
[4.439s] INFO:colcon.colcon_core.executor:Executing jobs using 'parallel' executor
[4.489s] DEBUG:colcon.colcon_parallel_executor.executor.parallel:run_until_complete
[4.490s] INFO:colcon.colcon_ros.task.ament_python.build:Building ROS package in '/home/sai/ros2_ws/src/py_pubsub' with build type 'ament_python'
[4.490s] Level 1:colcon.colcon_core.shell:create_environment_hook('py_pubsub', 'ament_prefix_path')
[4.578s] INFO:colcon.colcon_core.plugin_system:Skipping extension 'colcon_core.shell.bat': Not used on non-Windows systems
[4.579s] INFO:colcon.colcon_core.shell:Creating environment hook '/home/sai/ros2_ws/install/py_pubsub/share/py_pubsub/hook/ament_prefix_path.ps1'
[4.582s] INFO:colcon.colcon_core.shell:Creating environment descriptor '/home/sai/ros2_ws/install/py_pubsub/share/py_pubsub/hook/ament_prefix_path.dsv'
[4.584s] INFO:colcon.colcon_core.shell:Creating environment hook '/home/sai/ros2_ws/install/py_pubsub/share/py_pubsub/hook/ament_prefix_path.sh'
[4.637s] INFO:colcon.colcon_core.shell:Skip shell extension 'powershell' for command environment: Not usable outside of PowerShell
[4.637s] DEBUG:colcon.colcon_core.shell:Skip shell extension 'dsv' for command environment
[5.779s] INFO:colcon.colcon_core.task.python.build:Building Python package in '/home/sai/ros2_ws/src/py_pubsub'
[5.836s] INFO:colcon.colcon_core.shell:Skip shell extension 'powershell' for command environment: Not usable outside of PowerShell
[5.836s] DEBUG:colcon.colcon_core.shell:Skip shell extension 'dsv' for command environment
[7.312s] DEBUG:colcon.colcon_core.event_handler.log_command:Invoking command in '/home/sai/ros2_ws/src/py_pubsub': PYTHONPATH=/home/sai/ros2_ws/build/py_pubsub/prefix_override:/home/sai/ros2_ws/install/py_pubsub/lib/python3.10/site-packages:${PYTHONPATH} /usr/bin/python3 setup.py egg_info --egg-base ../../build/py_pubsub build --build-base /home/sai/ros2_ws/build/py_pubsub/build install --record /home/sai/ros2_ws/build/py_pubsub/install.log --single-version-externally-managed
[8.398s] DEBUG:colcon.colcon_core.event_handler.log_command:Invoked command in '/home/sai/ros2_ws/src/py_pubsub' returned '0': PYTHONPATH=/home/sai/ros2_ws/build/py_pubsub/prefix_override:/home/sai/ros2_ws/install/py_pubsub/lib/python3.10/site-packages:${PYTHONPATH} /usr/bin/python3 setup.py egg_info --egg-base ../../build/py_pubsub build --build-base /home/sai/ros2_ws/build/py_pubsub/build install --record /home/sai/ros2_ws/build/py_pubsub/install.log --single-version-externally-managed
[8.459s] Level 1:colcon.colcon_core.environment:checking '/home/sai/ros2_ws/install/py_pubsub' for CMake module files
[8.461s] Level 1:colcon.colcon_core.environment:checking '/home/sai/ros2_ws/install/py_pubsub' for CMake config files
[8.464s] Level 1:colcon.colcon_core.environment:checking '/home/sai/ros2_ws/install/py_pubsub/lib'
[8.465s] Level 1:colcon.colcon_core.environment:checking '/home/sai/ros2_ws/install/py_pubsub/bin'
[8.465s] Level 1:colcon.colcon_core.environment:checking '/home/sai/ros2_ws/install/py_pubsub/lib/pkgconfig/py_pubsub.pc'
[8.467s] Level 1:colcon.colcon_core.environment:checking '/home/sai/ros2_ws/install/py_pubsub/lib/python3.10/site-packages'
[8.467s] Level 1:colcon.colcon_core.shell:create_environment_hook('py_pubsub', 'pythonpath')
[8.520s] INFO:colcon.colcon_core.shell:Creating environment hook '/home/sai/ros2_ws/install/py_pubsub/share/py_pubsub/hook/pythonpath.ps1'
[8.522s] INFO:colcon.colcon_core.shell:Creating environment descriptor '/home/sai/ros2_ws/install/py_pubsub/share/py_pubsub/hook/pythonpath.dsv'
[8.523s] INFO:colcon.colcon_core.shell:Creating environment hook '/home/sai/ros2_ws/install/py_pubsub/share/py_pubsub/hook/pythonpath.sh'
[8.525s] Level 1:colcon.colcon_core.environment:checking '/home/sai/ros2_ws/install/py_pubsub/bin'
[8.526s] Level 1:colcon.colcon_core.environment:create_environment_scripts_only(py_pubsub)
[8.576s] INFO:colcon.colcon_core.shell:Creating package script '/home/sai/ros2_ws/install/py_pubsub/share/py_pubsub/package.ps1'
[8.580s] INFO:colcon.colcon_core.shell:Creating package descriptor '/home/sai/ros2_ws/install/py_pubsub/share/py_pubsub/package.dsv'
[8.584s] INFO:colcon.colcon_core.shell:Creating package script '/home/sai/ros2_ws/install/py_pubsub/share/py_pubsub/package.sh'
[8.587s] INFO:colcon.colcon_core.shell:Creating package script '/home/sai/ros2_ws/install/py_pubsub/share/py_pubsub/package.bash'
[8.590s] INFO:colcon.colcon_core.shell:Creating package script '/home/sai/ros2_ws/install/py_pubsub/share/py_pubsub/package.zsh'
[8.592s] Level 1:colcon.colcon_core.environment:create_file_with_runtime_dependencies(/home/sai/ros2_ws/install/py_pubsub/share/colcon-core/packages/py_pubsub)
[8.593s] DEBUG:colcon.colcon_parallel_executor.executor.parallel:closing loop
[8.596s] DEBUG:colcon.colcon_parallel_executor.executor.parallel:loop closed
[8.596s] DEBUG:colcon.colcon_parallel_executor.executor.parallel:run_until_complete finished with '0'
[8.596s] DEBUG:colcon.colcon_core.event_reactor:joining thread
[8.678s] INFO:colcon.colcon_core.plugin_system:Skipping extension 'colcon_notification.desktop_notification.terminal_notifier': Not used on non-Darwin systems
[8.678s] INFO:colcon.colcon_core.plugin_system:Skipping extension 'colcon_notification.desktop_notification.win32': Not used on non-Windows systems
[8.678s] INFO:colcon.colcon_notification.desktop_notification:Sending desktop notification using 'notify2'
[8.727s] DEBUG:colcon.colcon_core.event_reactor:joined thread
[8.796s] INFO:colcon.colcon_core.shell:Creating prefix script '/home/sai/ros2_ws/install/local_setup.ps1'
[8.804s] INFO:colcon.colcon_core.shell:Creating prefix util module '/home/sai/ros2_ws/install/_local_setup_util_ps1.py'
[8.810s] INFO:colcon.colcon_core.shell:Creating prefix chain script '/home/sai/ros2_ws/install/setup.ps1'
[8.887s] INFO:colcon.colcon_core.shell:Creating prefix script '/home/sai/ros2_ws/install/local_setup.sh'
[8.891s] INFO:colcon.colcon_core.shell:Creating prefix util module '/home/sai/ros2_ws/install/_local_setup_util_sh.py'
[8.894s] INFO:colcon.colcon_core.shell:Creating prefix chain script '/home/sai/ros2_ws/install/setup.sh'
[8.952s] INFO:colcon.colcon_core.shell:Creating prefix script '/home/sai/ros2_ws/install/local_setup.bash'
[8.954s] INFO:colcon.colcon_core.shell:Creating prefix chain script '/home/sai/ros2_ws/install/setup.bash'
[9.009s] INFO:colcon.colcon_core.shell:Creating prefix script '/home/sai/ros2_ws/install/local_setup.zsh'
[9.011s] INFO:colcon.colcon_core.shell:Creating prefix chain script '/home/sai/ros2_ws/install/setup.zsh'
