[3.704s] Invoking command in '/home/sai/ros2_ws/src/py_pubsub': PYTHONPATH=/home/sai/ros2_ws/build/py_pubsub/prefix_override:/home/sai/ros2_ws/install/py_pubsub/lib/python3.10/site-packages:${PYTHONPATH} /usr/bin/python3 setup.py egg_info --egg-base ../../build/py_pubsub build --build-base /home/sai/ros2_ws/build/py_pubsub/build install --record /home/sai/ros2_ws/build/py_pubsub/install.log --single-version-externally-managed
[4.842s] running egg_info
[4.845s] creating ../../build/py_pubsub/py_pubsub.egg-info
[4.846s] writing ../../build/py_pubsub/py_pubsub.egg-info/PKG-INFO
[4.848s] writing dependency_links to ../../build/py_pubsub/py_pubsub.egg-info/dependency_links.txt
[4.849s] writing entry points to ../../build/py_pubsub/py_pubsub.egg-info/entry_points.txt
[4.850s] writing requirements to ../../build/py_pubsub/py_pubsub.egg-info/requires.txt
[4.850s] writing top-level names to ../../build/py_pubsub/py_pubsub.egg-info/top_level.txt
[4.854s] writing manifest file '../../build/py_pubsub/py_pubsub.egg-info/SOURCES.txt'
[4.868s] reading manifest file '../../build/py_pubsub/py_pubsub.egg-info/SOURCES.txt'
[4.871s] writing manifest file '../../build/py_pubsub/py_pubsub.egg-info/SOURCES.txt'
[4.872s] running build
[4.873s] running build_py
[4.874s] creating /home/sai/ros2_ws/build/py_pubsub/build
[4.874s] creating /home/sai/ros2_ws/build/py_pubsub/build/lib
[4.875s] creating /home/sai/ros2_ws/build/py_pubsub/build/lib/py_pubsub
[4.881s] copying py_pubsub/__init__.py -> /home/sai/ros2_ws/build/py_pubsub/build/lib/py_pubsub
[4.888s] copying py_pubsub/publisher_member_function.py -> /home/sai/ros2_ws/build/py_pubsub/build/lib/py_pubsub
[4.894s] copying py_pubsub/subscribe_member_function.py -> /home/sai/ros2_ws/build/py_pubsub/build/lib/py_pubsub
[4.900s] running install
[4.910s] /usr/lib/python3/dist-packages/setuptools/command/install.py:34: SetuptoolsDeprecationWarning: setup.py install is deprecated. Use build and pip and other standards-based tools.
[4.910s]   warnings.warn(
[4.911s] running install_lib
[4.911s] creating /home/sai/ros2_ws/install/py_pubsub/lib/python3.10/site-packages/py_pubsub
[4.911s] copying /home/sai/ros2_ws/build/py_pubsub/build/lib/py_pubsub/__init__.py -> /home/sai/ros2_ws/install/py_pubsub/lib/python3.10/site-packages/py_pubsub
[4.911s] copying /home/sai/ros2_ws/build/py_pubsub/build/lib/py_pubsub/publisher_member_function.py -> /home/sai/ros2_ws/install/py_pubsub/lib/python3.10/site-packages/py_pubsub
[4.912s] copying /home/sai/ros2_ws/build/py_pubsub/build/lib/py_pubsub/subscribe_member_function.py -> /home/sai/ros2_ws/install/py_pubsub/lib/python3.10/site-packages/py_pubsub
[4.916s] byte-compiling /home/sai/ros2_ws/install/py_pubsub/lib/python3.10/site-packages/py_pubsub/__init__.py to __init__.cpython-310.pyc
[4.917s] byte-compiling /home/sai/ros2_ws/install/py_pubsub/lib/python3.10/site-packages/py_pubsub/publisher_member_function.py to publisher_member_function.cpython-310.pyc
[4.918s] byte-compiling /home/sai/ros2_ws/install/py_pubsub/lib/python3.10/site-packages/py_pubsub/subscribe_member_function.py to subscribe_member_function.cpython-310.pyc
[4.918s] running install_data
[4.923s] creating /home/sai/ros2_ws/install/py_pubsub/share/ament_index
[4.924s] creating /home/sai/ros2_ws/install/py_pubsub/share/ament_index/resource_index
[4.924s] creating /home/sai/ros2_ws/install/py_pubsub/share/ament_index/resource_index/packages
[4.924s] copying resource/py_pubsub -> /home/sai/ros2_ws/install/py_pubsub/share/ament_index/resource_index/packages
[4.935s] copying package.xml -> /home/sai/ros2_ws/install/py_pubsub/share/py_pubsub
[4.935s] running install_egg_info
[4.936s] Copying ../../build/py_pubsub/py_pubsub.egg-info to /home/sai/ros2_ws/install/py_pubsub/lib/python3.10/site-packages/py_pubsub-0.0.0-py3.10.egg-info
[4.941s] running install_scripts
[5.059s] Installing listener script to /home/sai/ros2_ws/install/py_pubsub/lib/py_pubsub
[5.061s] Installing talker script to /home/sai/ros2_ws/install/py_pubsub/lib/py_pubsub
[5.063s] writing list of installed files to '/home/sai/ros2_ws/build/py_pubsub/install.log'
[5.170s] Invoked command in '/home/sai/ros2_ws/src/py_pubsub' returned '0': PYTHONPATH=/home/sai/ros2_ws/build/py_pubsub/prefix_override:/home/sai/ros2_ws/install/py_pubsub/lib/python3.10/site-packages:${PYTHONPATH} /usr/bin/python3 setup.py egg_info --egg-base ../../build/py_pubsub build --build-base /home/sai/ros2_ws/build/py_pubsub/build install --record /home/sai/ros2_ws/build/py_pubsub/install.log --single-version-externally-managed
