[4.669s] DEBUG:colcon:Command line arguments: ['/usr/bin/colcon', 'build']
[4.669s] DEBUG:colcon:Parsed command line arguments: Namespace(log_base=None, log_level=None, verb_name='build', build_base='build', install_base='install', merge_install=False, symlink_install=False, test_result_base=None, continue_on_error=False, executor='parallel', parallel_workers=2, event_handlers=None, ignore_user_meta=False, metas=['./colcon.meta'], base_paths=['.'], packages_ignore=None, packages_ignore_regex=None, paths=None, packages_up_to=None, packages_up_to_regex=None, packages_above=None, packages_above_and_dependencies=None, packages_above_depth=None, packages_select_by_dep=None, packages_skip_by_dep=None, packages_skip_up_to=None, packages_select_build_failed=False, packages_skip_build_finished=False, packages_select_test_failures=False, packages_skip_test_passed=False, packages_select=None, packages_skip=None, packages_select_regex=None, packages_skip_regex=None, packages_start=None, packages_end=None, allow_overriding=[], cmake_args=None, cmake_target=None, cmake_target_skip_unavailable=False, cmake_clean_cache=False, cmake_clean_first=False, cmake_force_configure=False, ament_cmake_args=None, catkin_cmake_args=None, catkin_skip_building_tests=False, verb_parser=<colcon_defaults.argument_parser.defaults.DefaultArgumentsDecorator object at 0x7fc53d831bd0>, verb_extension=<colcon_core.verb.build.BuildVerb object at 0x7fc53d831c60>, main=<bound method BuildVerb.main of <colcon_core.verb.build.BuildVerb object at 0x7fc53d831c60>>)
[4.909s] Level 1:colcon.colcon_core.package_discovery:discover_packages(colcon_meta) check parameters
[4.909s] Level 1:colcon.colcon_core.package_discovery:discover_packages(recursive) check parameters
[4.910s] Level 1:colcon.colcon_core.package_discovery:discover_packages(ignore) check parameters
[4.910s] Level 1:colcon.colcon_core.package_discovery:discover_packages(path) check parameters
[4.910s] Level 1:colcon.colcon_core.package_discovery:discover_packages(colcon_meta) discover
[4.910s] Level 1:colcon.colcon_core.package_discovery:discover_packages(recursive) discover
[4.910s] INFO:colcon.colcon_core.package_discovery:Crawling recursively for packages in '/home/sai/ros2_ws'
[4.911s] Level 1:colcon.colcon_core.package_identification:_identify(.) by extensions ['ignore', 'ignore_ament_install']
[4.911s] Level 1:colcon.colcon_core.package_identification:_identify(.) by extension 'ignore'
[4.911s] Level 1:colcon.colcon_core.package_identification:_identify(.) by extension 'ignore_ament_install'
[4.911s] Level 1:colcon.colcon_core.package_identification:_identify(.) by extensions ['colcon_pkg']
[4.911s] Level 1:colcon.colcon_core.package_identification:_identify(.) by extension 'colcon_pkg'
[4.912s] Level 1:colcon.colcon_core.package_identification:_identify(.) by extensions ['colcon_meta']
[4.912s] Level 1:colcon.colcon_core.package_identification:_identify(.) by extension 'colcon_meta'
[4.912s] Level 1:colcon.colcon_core.package_identification:_identify(.) by extensions ['ros']
[4.912s] Level 1:colcon.colcon_core.package_identification:_identify(.) by extension 'ros'
[4.975s] Level 1:colcon.colcon_core.package_identification:_identify(.) by extensions ['cmake', 'python']
[4.975s] Level 1:colcon.colcon_core.package_identification:_identify(.) by extension 'cmake'
[4.977s] Level 1:colcon.colcon_core.package_identification:_identify(.) by extension 'python'
[4.977s] Level 1:colcon.colcon_core.package_identification:_identify(.) by extensions ['python_setup_py']
[4.977s] Level 1:colcon.colcon_core.package_identification:_identify(.) by extension 'python_setup_py'
[4.982s] Level 1:colcon.colcon_core.package_identification:_identify(build) by extensions ['ignore', 'ignore_ament_install']
[4.983s] Level 1:colcon.colcon_core.package_identification:_identify(build) by extension 'ignore'
[4.983s] Level 1:colcon.colcon_core.package_identification:_identify(build) ignored
[4.984s] Level 1:colcon.colcon_core.package_identification:_identify(install) by extensions ['ignore', 'ignore_ament_install']
[4.984s] Level 1:colcon.colcon_core.package_identification:_identify(install) by extension 'ignore'
[4.985s] Level 1:colcon.colcon_core.package_identification:_identify(install) ignored
[4.986s] Level 1:colcon.colcon_core.package_identification:_identify(log) by extensions ['ignore', 'ignore_ament_install']
[4.986s] Level 1:colcon.colcon_core.package_identification:_identify(log) by extension 'ignore'
[4.987s] Level 1:colcon.colcon_core.package_identification:_identify(log) ignored
[4.987s] Level 1:colcon.colcon_core.package_identification:_identify(src) by extensions ['ignore', 'ignore_ament_install']
[4.988s] Level 1:colcon.colcon_core.package_identification:_identify(src) by extension 'ignore'
[4.988s] Level 1:colcon.colcon_core.package_identification:_identify(src) by extension 'ignore_ament_install'
[4.989s] Level 1:colcon.colcon_core.package_identification:_identify(src) by extensions ['colcon_pkg']
[4.989s] Level 1:colcon.colcon_core.package_identification:_identify(src) by extension 'colcon_pkg'
[4.989s] Level 1:colcon.colcon_core.package_identification:_identify(src) by extensions ['colcon_meta']
[4.989s] Level 1:colcon.colcon_core.package_identification:_identify(src) by extension 'colcon_meta'
[4.990s] Level 1:colcon.colcon_core.package_identification:_identify(src) by extensions ['ros']
[4.990s] Level 1:colcon.colcon_core.package_identification:_identify(src) by extension 'ros'
[4.990s] Level 1:colcon.colcon_core.package_identification:_identify(src) by extensions ['cmake', 'python']
[4.990s] Level 1:colcon.colcon_core.package_identification:_identify(src) by extension 'cmake'
[4.990s] Level 1:colcon.colcon_core.package_identification:_identify(src) by extension 'python'
[4.990s] Level 1:colcon.colcon_core.package_identification:_identify(src) by extensions ['python_setup_py']
[4.991s] Level 1:colcon.colcon_core.package_identification:_identify(src) by extension 'python_setup_py'
[4.991s] Level 1:colcon.colcon_core.package_identification:_identify(src/py_pubsub) by extensions ['ignore', 'ignore_ament_install']
[4.992s] Level 1:colcon.colcon_core.package_identification:_identify(src/py_pubsub) by extension 'ignore'
[4.992s] Level 1:colcon.colcon_core.package_identification:_identify(src/py_pubsub) by extension 'ignore_ament_install'
[4.992s] Level 1:colcon.colcon_core.package_identification:_identify(src/py_pubsub) by extensions ['colcon_pkg']
[4.992s] Level 1:colcon.colcon_core.package_identification:_identify(src/py_pubsub) by extension 'colcon_pkg'
[4.993s] Level 1:colcon.colcon_core.package_identification:_identify(src/py_pubsub) by extensions ['colcon_meta']
[4.993s] Level 1:colcon.colcon_core.package_identification:_identify(src/py_pubsub) by extension 'colcon_meta'
[4.993s] Level 1:colcon.colcon_core.package_identification:_identify(src/py_pubsub) by extensions ['ros']
[4.993s] Level 1:colcon.colcon_core.package_identification:_identify(src/py_pubsub) by extension 'ros'
[5.001s] DEBUG:colcon.colcon_core.package_identification:Package 'src/py_pubsub' with type 'ros.ament_python' and name 'py_pubsub'
[5.002s] Level 1:colcon.colcon_core.package_discovery:discover_packages(recursive) using defaults
[5.002s] Level 1:colcon.colcon_core.package_discovery:discover_packages(ignore) discover
[5.002s] Level 1:colcon.colcon_core.package_discovery:discover_packages(ignore) using defaults
[5.002s] Level 1:colcon.colcon_core.package_discovery:discover_packages(path) discover
[5.002s] Level 1:colcon.colcon_core.package_discovery:discover_packages(path) using defaults
[5.870s] Level 1:colcon.colcon_core.package_discovery:discover_packages(prefix_path) check parameters
[5.885s] Level 1:colcon.colcon_core.package_discovery:discover_packages(prefix_path) discover
[6.099s] DEBUG:colcon.colcon_installed_package_information.package_discovery:Found 1 installed packages in /home/sai/ros2_ws/install
[6.238s] DEBUG:colcon.colcon_installed_package_information.package_discovery:Found 270 installed packages in /opt/ros/humble
[6.243s] Level 1:colcon.colcon_core.package_discovery:discover_packages(prefix_path) using defaults
[6.843s] Level 5:colcon.colcon_core.verb:set package 'py_pubsub' build argument 'cmake_args' from command line to 'None'
[6.844s] Level 5:colcon.colcon_core.verb:set package 'py_pubsub' build argument 'cmake_target' from command line to 'None'
[6.844s] Level 5:colcon.colcon_core.verb:set package 'py_pubsub' build argument 'cmake_target_skip_unavailable' from command line to 'False'
[6.844s] Level 5:colcon.colcon_core.verb:set package 'py_pubsub' build argument 'cmake_clean_cache' from command line to 'False'
[6.844s] Level 5:colcon.colcon_core.verb:set package 'py_pubsub' build argument 'cmake_clean_first' from command line to 'False'
[6.844s] Level 5:colcon.colcon_core.verb:set package 'py_pubsub' build argument 'cmake_force_configure' from command line to 'False'
[6.844s] Level 5:colcon.colcon_core.verb:set package 'py_pubsub' build argument 'ament_cmake_args' from command line to 'None'
[6.845s] Level 5:colcon.colcon_core.verb:set package 'py_pubsub' build argument 'catkin_cmake_args' from command line to 'None'
[6.845s] Level 5:colcon.colcon_core.verb:set package 'py_pubsub' build argument 'catkin_skip_building_tests' from command line to 'False'
[6.845s] DEBUG:colcon.colcon_core.verb:Building package 'py_pubsub' with the following arguments: {'ament_cmake_args': None, 'build_base': '/home/sai/ros2_ws/build/py_pubsub', 'catkin_cmake_args': None, 'catkin_skip_building_tests': False, 'cmake_args': None, 'cmake_clean_cache': False, 'cmake_clean_first': False, 'cmake_force_configure': False, 'cmake_target': None, 'cmake_target_skip_unavailable': False, 'install_base': '/home/sai/ros2_ws/install/py_pubsub', 'merge_install': False, 'path': '/home/sai/ros2_ws/src/py_pubsub', 'symlink_install': False, 'test_result_base': None}
[6.927s] INFO:colcon.colcon_core.executor:Executing jobs using 'parallel' executor
[6.989s] DEBUG:colcon.colcon_parallel_executor.executor.parallel:run_until_complete
[6.990s] INFO:colcon.colcon_ros.task.ament_python.build:Building ROS package in '/home/sai/ros2_ws/src/py_pubsub' with build type 'ament_python'
[6.991s] Level 1:colcon.colcon_core.shell:create_environment_hook('py_pubsub', 'ament_prefix_path')
[7.109s] INFO:colcon.colcon_core.plugin_system:Skipping extension 'colcon_core.shell.bat': Not used on non-Windows systems
[7.109s] INFO:colcon.colcon_core.shell:Creating environment hook '/home/sai/ros2_ws/install/py_pubsub/share/py_pubsub/hook/ament_prefix_path.ps1'
[7.113s] INFO:colcon.colcon_core.shell:Creating environment descriptor '/home/sai/ros2_ws/install/py_pubsub/share/py_pubsub/hook/ament_prefix_path.dsv'
[7.116s] INFO:colcon.colcon_core.shell:Creating environment hook '/home/sai/ros2_ws/install/py_pubsub/share/py_pubsub/hook/ament_prefix_path.sh'
[7.188s] INFO:colcon.colcon_core.shell:Skip shell extension 'powershell' for command environment: Not usable outside of PowerShell
[7.188s] DEBUG:colcon.colcon_core.shell:Skip shell extension 'dsv' for command environment
[8.710s] INFO:colcon.colcon_core.task.python.build:Building Python package in '/home/sai/ros2_ws/src/py_pubsub'
[8.773s] INFO:colcon.colcon_core.shell:Skip shell extension 'powershell' for command environment: Not usable outside of PowerShell
[8.774s] DEBUG:colcon.colcon_core.shell:Skip shell extension 'dsv' for command environment
[10.930s] DEBUG:colcon.colcon_core.event_handler.log_command:Invoking command in '/home/sai/ros2_ws/src/py_pubsub': PYTHONPATH=/home/sai/ros2_ws/build/py_pubsub/prefix_override:/home/sai/ros2_ws/install/py_pubsub/lib/python3.10/site-packages:${PYTHONPATH} /usr/bin/python3 setup.py egg_info --egg-base ../../build/py_pubsub build --build-base /home/sai/ros2_ws/build/py_pubsub/build install --record /home/sai/ros2_ws/build/py_pubsub/install.log --single-version-externally-managed
[12.589s] DEBUG:colcon.colcon_core.event_handler.log_command:Invoked command in '/home/sai/ros2_ws/src/py_pubsub' returned '0': PYTHONPATH=/home/sai/ros2_ws/build/py_pubsub/prefix_override:/home/sai/ros2_ws/install/py_pubsub/lib/python3.10/site-packages:${PYTHONPATH} /usr/bin/python3 setup.py egg_info --egg-base ../../build/py_pubsub build --build-base /home/sai/ros2_ws/build/py_pubsub/build install --record /home/sai/ros2_ws/build/py_pubsub/install.log --single-version-externally-managed
[12.664s] Level 1:colcon.colcon_core.environment:checking '/home/sai/ros2_ws/install/py_pubsub' for CMake module files
[12.665s] Level 1:colcon.colcon_core.environment:checking '/home/sai/ros2_ws/install/py_pubsub' for CMake config files
[12.668s] Level 1:colcon.colcon_core.environment:checking '/home/sai/ros2_ws/install/py_pubsub/lib'
[12.669s] Level 1:colcon.colcon_core.environment:checking '/home/sai/ros2_ws/install/py_pubsub/bin'
[12.669s] Level 1:colcon.colcon_core.environment:checking '/home/sai/ros2_ws/install/py_pubsub/lib/pkgconfig/py_pubsub.pc'
[12.670s] Level 1:colcon.colcon_core.environment:checking '/home/sai/ros2_ws/install/py_pubsub/lib/python3.10/site-packages'
[12.671s] Level 1:colcon.colcon_core.shell:create_environment_hook('py_pubsub', 'pythonpath')
[12.746s] INFO:colcon.colcon_core.shell:Creating environment hook '/home/sai/ros2_ws/install/py_pubsub/share/py_pubsub/hook/pythonpath.ps1'
[12.749s] INFO:colcon.colcon_core.shell:Creating environment descriptor '/home/sai/ros2_ws/install/py_pubsub/share/py_pubsub/hook/pythonpath.dsv'
[12.752s] INFO:colcon.colcon_core.shell:Creating environment hook '/home/sai/ros2_ws/install/py_pubsub/share/py_pubsub/hook/pythonpath.sh'
[12.755s] Level 1:colcon.colcon_core.environment:checking '/home/sai/ros2_ws/install/py_pubsub/bin'
[12.756s] Level 1:colcon.colcon_core.environment:create_environment_scripts_only(py_pubsub)
[12.835s] INFO:colcon.colcon_core.shell:Creating package script '/home/sai/ros2_ws/install/py_pubsub/share/py_pubsub/package.ps1'
[12.842s] INFO:colcon.colcon_core.shell:Creating package descriptor '/home/sai/ros2_ws/install/py_pubsub/share/py_pubsub/package.dsv'
[12.846s] INFO:colcon.colcon_core.shell:Creating package script '/home/sai/ros2_ws/install/py_pubsub/share/py_pubsub/package.sh'
[12.850s] INFO:colcon.colcon_core.shell:Creating package script '/home/sai/ros2_ws/install/py_pubsub/share/py_pubsub/package.bash'
[12.854s] INFO:colcon.colcon_core.shell:Creating package script '/home/sai/ros2_ws/install/py_pubsub/share/py_pubsub/package.zsh'
[12.857s] Level 1:colcon.colcon_core.environment:create_file_with_runtime_dependencies(/home/sai/ros2_ws/install/py_pubsub/share/colcon-core/packages/py_pubsub)
[12.859s] DEBUG:colcon.colcon_parallel_executor.executor.parallel:closing loop
[12.860s] DEBUG:colcon.colcon_parallel_executor.executor.parallel:loop closed
[12.860s] DEBUG:colcon.colcon_parallel_executor.executor.parallel:run_until_complete finished with '0'
[12.860s] DEBUG:colcon.colcon_core.event_reactor:joining thread
[12.959s] INFO:colcon.colcon_core.plugin_system:Skipping extension 'colcon_notification.desktop_notification.terminal_notifier': Not used on non-Darwin systems
[12.960s] INFO:colcon.colcon_core.plugin_system:Skipping extension 'colcon_notification.desktop_notification.win32': Not used on non-Windows systems
[12.960s] INFO:colcon.colcon_notification.desktop_notification:Sending desktop notification using 'notify2'
[13.020s] DEBUG:colcon.colcon_core.event_reactor:joined thread
[13.117s] INFO:colcon.colcon_core.shell:Creating prefix script '/home/sai/ros2_ws/install/local_setup.ps1'
[13.122s] INFO:colcon.colcon_core.shell:Creating prefix util module '/home/sai/ros2_ws/install/_local_setup_util_ps1.py'
[13.140s] INFO:colcon.colcon_core.shell:Creating prefix chain script '/home/sai/ros2_ws/install/setup.ps1'
[13.221s] INFO:colcon.colcon_core.shell:Creating prefix script '/home/sai/ros2_ws/install/local_setup.sh'
[13.225s] INFO:colcon.colcon_core.shell:Creating prefix util module '/home/sai/ros2_ws/install/_local_setup_util_sh.py'
[13.227s] INFO:colcon.colcon_core.shell:Creating prefix chain script '/home/sai/ros2_ws/install/setup.sh'
[13.312s] INFO:colcon.colcon_core.shell:Creating prefix script '/home/sai/ros2_ws/install/local_setup.bash'
[13.314s] INFO:colcon.colcon_core.shell:Creating prefix chain script '/home/sai/ros2_ws/install/setup.bash'
[13.370s] INFO:colcon.colcon_core.shell:Creating prefix script '/home/sai/ros2_ws/install/local_setup.zsh'
[13.371s] INFO:colcon.colcon_core.shell:Creating prefix chain script '/home/sai/ros2_ws/install/setup.zsh'
