[3.929s] Invoking command in '/home/sai/ros2_ws/src/py_pubsub': PYTHONPATH=/home/sai/ros2_ws/build/py_pubsub/prefix_override:/home/sai/ros2_ws/install/py_pubsub/lib/python3.10/site-packages:${PYTHONPATH} /usr/bin/python3 setup.py egg_info --egg-base ../../build/py_pubsub build --build-base /home/sai/ros2_ws/build/py_pubsub/build install --record /home/sai/ros2_ws/build/py_pubsub/install.log --single-version-externally-managed
[5.267s] running egg_info
[5.272s] writing ../../build/py_pubsub/py_pubsub.egg-info/PKG-INFO
[5.276s] writing dependency_links to ../../build/py_pubsub/py_pubsub.egg-info/dependency_links.txt
[5.278s] writing entry points to ../../build/py_pubsub/py_pubsub.egg-info/entry_points.txt
[5.284s] writing requirements to ../../build/py_pubsub/py_pubsub.egg-info/requires.txt
[5.284s] writing top-level names to ../../build/py_pubsub/py_pubsub.egg-info/top_level.txt
[5.298s] reading manifest file '../../build/py_pubsub/py_pubsub.egg-info/SOURCES.txt'
[5.306s] writing manifest file '../../build/py_pubsub/py_pubsub.egg-info/SOURCES.txt'
[5.308s] running build
[5.308s] running build_py
[5.314s] running install
[5.315s] /usr/lib/python3/dist-packages/setuptools/command/install.py:34: SetuptoolsDeprecationWarning: setup.py install is deprecated. Use build and pip and other standards-based tools.
[5.315s]   warnings.warn(
[5.321s] running install_lib
[5.322s] running install_data
[5.323s] running install_egg_info
[5.329s] removing '/home/sai/ros2_ws/install/py_pubsub/lib/python3.10/site-packages/py_pubsub-0.0.0-py3.10.egg-info' (and everything under it)
[5.329s] Copying ../../build/py_pubsub/py_pubsub.egg-info to /home/sai/ros2_ws/install/py_pubsub/lib/python3.10/site-packages/py_pubsub-0.0.0-py3.10.egg-info
[5.336s] running install_scripts
[5.469s] Installing listener script to /home/sai/ros2_ws/install/py_pubsub/lib/py_pubsub
[5.470s] Installing talker script to /home/sai/ros2_ws/install/py_pubsub/lib/py_pubsub
[5.476s] writing list of installed files to '/home/sai/ros2_ws/build/py_pubsub/install.log'
[5.588s] Invoked command in '/home/sai/ros2_ws/src/py_pubsub' returned '0': PYTHONPATH=/home/sai/ros2_ws/build/py_pubsub/prefix_override:/home/sai/ros2_ws/install/py_pubsub/lib/python3.10/site-packages:${PYTHONPATH} /usr/bin/python3 setup.py egg_info --egg-base ../../build/py_pubsub build --build-base /home/sai/ros2_ws/build/py_pubsub/build install --record /home/sai/ros2_ws/build/py_pubsub/install.log --single-version-externally-managed
