[2.814s] Invoking command in '/home/sai/ros2_ws/src/py_pubsub': PYTHONPATH=/home/sai/ros2_ws/build/py_pubsub/prefix_override:/home/sai/ros2_ws/install/py_pubsub/lib/python3.10/site-packages:${PYTHONPATH} /usr/bin/python3 setup.py egg_info --egg-base ../../build/py_pubsub build --build-base /home/sai/ros2_ws/build/py_pubsub/build install --record /home/sai/ros2_ws/build/py_pubsub/install.log --single-version-externally-managed
[3.687s] running egg_info
[3.692s] writing ../../build/py_pubsub/py_pubsub.egg-info/PKG-INFO
[3.694s] writing dependency_links to ../../build/py_pubsub/py_pubsub.egg-info/dependency_links.txt
[3.695s] writing entry points to ../../build/py_pubsub/py_pubsub.egg-info/entry_points.txt
[3.696s] writing requirements to ../../build/py_pubsub/py_pubsub.egg-info/requires.txt
[3.696s] writing top-level names to ../../build/py_pubsub/py_pubsub.egg-info/top_level.txt
[3.702s] reading manifest file '../../build/py_pubsub/py_pubsub.egg-info/SOURCES.txt'
[3.707s] writing manifest file '../../build/py_pubsub/py_pubsub.egg-info/SOURCES.txt'
[3.708s] running build
[3.709s] running build_py
[3.710s] running install
[3.711s] /usr/lib/python3/dist-packages/setuptools/command/install.py:34: SetuptoolsDeprecationWarning: setup.py install is deprecated. Use build and pip and other standards-based tools.
[3.711s]   warnings.warn(
[3.713s] running install_lib
[3.718s] running install_data
[3.723s] running install_egg_info
[3.730s] removing '/home/sai/ros2_ws/install/py_pubsub/lib/python3.10/site-packages/py_pubsub-0.0.0-py3.10.egg-info' (and everything under it)
[3.731s] Copying ../../build/py_pubsub/py_pubsub.egg-info to /home/sai/ros2_ws/install/py_pubsub/lib/python3.10/site-packages/py_pubsub-0.0.0-py3.10.egg-info
[3.735s] running install_scripts
[3.815s] Installing listener script to /home/sai/ros2_ws/install/py_pubsub/lib/py_pubsub
[3.817s] Installing talker script to /home/sai/ros2_ws/install/py_pubsub/lib/py_pubsub
[3.817s] writing list of installed files to '/home/sai/ros2_ws/build/py_pubsub/install.log'
[3.903s] Invoked command in '/home/sai/ros2_ws/src/py_pubsub' returned '0': PYTHONPATH=/home/sai/ros2_ws/build/py_pubsub/prefix_override:/home/sai/ros2_ws/install/py_pubsub/lib/python3.10/site-packages:${PYTHONPATH} /usr/bin/python3 setup.py egg_info --egg-base ../../build/py_pubsub build --build-base /home/sai/ros2_ws/build/py_pubsub/build install --record /home/sai/ros2_ws/build/py_pubsub/install.log --single-version-externally-managed
